<?xml version="1.0" encoding="UTF-8"?>
<!-- Generated by org.testng.reporters.JUnitReportReporter -->
<testsuite skipped="0" hostname="AA-PC" name="p2.Class2" tests="2" failures="0" timestamp="2020-01-28T09:08:16 IST" time="0.000" errors="0">
  <testcase name="tc004" time="0.000" classname="p2.Class2"/>
  <testcase name="tc005" time="0.000" classname="p2.Class2"/>
</testsuite> <!-- p2.Class2 -->
